2025-12-29 09:48:00.268 INFO  [File Watcher] o.s.b.d.a.LocalDevToolsAutoConfiguration$RestartingClassPathChangeChangedEventListener - Restarting due to 2 class path changes (0 additions, 0 deletions, 2 modifications)
2025-12-29 09:48:00.271 INFO  [Thread-17] o.s.boot.tomcat.GracefulShutdown - Commencing graceful shutdown. Waiting for active requests to complete
2025-12-29 09:48:00.272 INFO  [tomcat-shutdown] o.a.coyote.http11.Http11NioProtocol - Pausing ProtocolHandler ["http-nio-8080"]
2025-12-29 09:48:00.272 INFO  [tomcat-shutdown] o.s.boot.tomcat.GracefulShutdown - Graceful shutdown complete
2025-12-29 09:48:00.273 INFO  [Thread-17] o.a.coyote.http11.Http11NioProtocol - Stopping ProtocolHandler ["http-nio-8080"]
2025-12-29 09:48:00.381 INFO  [restartedMain] com.backend.BackendApplication - Starting BackendApplication using Java 21.0.8 with PID 35644 (/mnt/NewVolume/code/sudoku/backend/target/classes started by pranjal in /mnt/NewVolume/code/sudoku/backend)
2025-12-29 09:48:00.382 INFO  [restartedMain] com.backend.BackendApplication - No active profile set, falling back to 1 default profile: "default"
2025-12-29 09:48:00.718 INFO  [restartedMain] o.s.boot.tomcat.TomcatWebServer - Tomcat initialized with port 8080 (http)
2025-12-29 09:48:00.720 INFO  [restartedMain] o.a.coyote.http11.Http11NioProtocol - Initializing ProtocolHandler ["http-nio-8080"]
2025-12-29 09:48:00.720 INFO  [restartedMain] o.a.catalina.core.StandardService - Starting service [Tomcat]
2025-12-29 09:48:00.720 INFO  [restartedMain] o.a.catalina.core.StandardEngine - Starting Servlet engine: [Apache Tomcat/11.0.15]
2025-12-29 09:48:00.730 INFO  [restartedMain] o.s.b.w.c.s.WebApplicationContextInitializer - Root WebApplicationContext: initialization completed in 346 ms
2025-12-29 09:48:00.821 INFO  [restartedMain] o.s.v.b.OptionalValidatorFactoryBean - Failed to set up a Bean Validation provider: jakarta.validation.NoProviderFoundException: Unable to create a Configuration, because no Jakarta Validation provider could be found. Add a provider like Hibernate Validator (RI) to your classpath.
2025-12-29 09:48:00.924 INFO  [restartedMain] o.s.b.a.e.web.EndpointLinksResolver - Exposing 1 endpoint beneath base path '/actuator'
2025-12-29 09:48:00.933 INFO  [restartedMain] o.a.coyote.http11.Http11NioProtocol - Starting ProtocolHandler ["http-nio-8080"]
2025-12-29 09:48:00.937 INFO  [restartedMain] o.s.boot.tomcat.TomcatWebServer - Tomcat started on port 8080 (http) with context path '/'
2025-12-29 09:48:00.940 INFO  [restartedMain] com.backend.BackendApplication - Started BackendApplication in 0.624 seconds (process running for 6808.331)
2025-12-29 09:48:00.942 INFO  [restartedMain] o.s.b.d.a.ConditionEvaluationDeltaLoggingListener - Condition evaluation unchanged
2025-12-29 09:48:20.688 INFO  [File Watcher] o.s.b.d.a.LocalDevToolsAutoConfiguration$RestartingClassPathChangeChangedEventListener - Restarting due to 1 class path change (0 additions, 0 deletions, 1 modification)
2025-12-29 09:48:20.690 INFO  [Thread-21] o.s.boot.tomcat.GracefulShutdown - Commencing graceful shutdown. Waiting for active requests to complete
2025-12-29 09:48:20.690 INFO  [tomcat-shutdown] o.a.coyote.http11.Http11NioProtocol - Pausing ProtocolHandler ["http-nio-8080"]
2025-12-29 09:48:20.691 INFO  [tomcat-shutdown] o.s.boot.tomcat.GracefulShutdown - Graceful shutdown complete
2025-12-29 09:48:20.691 INFO  [Thread-21] o.a.coyote.http11.Http11NioProtocol - Stopping ProtocolHandler ["http-nio-8080"]
2025-12-29 09:48:20.779 INFO  [restartedMain] com.backend.BackendApplication - Starting BackendApplication using Java 21.0.8 with PID 35644 (/mnt/NewVolume/code/sudoku/backend/target/classes started by pranjal in /mnt/NewVolume/code/sudoku/backend)
2025-12-29 09:48:20.779 INFO  [restartedMain] com.backend.BackendApplication - No active profile set, falling back to 1 default profile: "default"
2025-12-29 09:48:21.060 INFO  [restartedMain] o.s.boot.tomcat.TomcatWebServer - Tomcat initialized with port 8080 (http)
2025-12-29 09:48:21.061 INFO  [restartedMain] o.a.coyote.http11.Http11NioProtocol - Initializing ProtocolHandler ["http-nio-8080"]
2025-12-29 09:48:21.061 INFO  [restartedMain] o.a.catalina.core.StandardService - Starting service [Tomcat]
2025-12-29 09:48:21.061 INFO  [restartedMain] o.a.catalina.core.StandardEngine - Starting Servlet engine: [Apache Tomcat/11.0.15]
2025-12-29 09:48:21.065 INFO  [restartedMain] o.s.b.w.c.s.WebApplicationContextInitializer - Root WebApplicationContext: initialization completed in 282 ms
2025-12-29 09:48:21.101 INFO  [restartedMain] o.s.v.b.OptionalValidatorFactoryBean - Failed to set up a Bean Validation provider: jakarta.validation.NoProviderFoundException: Unable to create a Configuration, because no Jakarta Validation provider could be found. Add a provider like Hibernate Validator (RI) to your classpath.
2025-12-29 09:48:21.156 INFO  [restartedMain] o.s.b.a.e.web.EndpointLinksResolver - Exposing 1 endpoint beneath base path '/actuator'
2025-12-29 09:48:21.164 INFO  [restartedMain] o.a.coyote.http11.Http11NioProtocol - Starting ProtocolHandler ["http-nio-8080"]
2025-12-29 09:48:21.166 INFO  [restartedMain] o.s.boot.tomcat.TomcatWebServer - Tomcat started on port 8080 (http) with context path '/'
2025-12-29 09:48:21.170 INFO  [restartedMain] com.backend.BackendApplication - Started BackendApplication in 0.428 seconds (process running for 6828.561)
2025-12-29 09:48:21.171 INFO  [restartedMain] o.s.b.d.a.ConditionEvaluationDeltaLoggingListener - Condition evaluation unchanged
2025-12-29 09:48:22.594 INFO  [File Watcher] o.s.b.d.a.LocalDevToolsAutoConfiguration$RestartingClassPathChangeChangedEventListener - Restarting due to 1 class path change (0 additions, 0 deletions, 1 modification)
2025-12-29 09:48:22.596 INFO  [Thread-25] o.s.boot.tomcat.GracefulShutdown - Commencing graceful shutdown. Waiting for active requests to complete
2025-12-29 09:48:22.597 INFO  [tomcat-shutdown] o.a.coyote.http11.Http11NioProtocol - Pausing ProtocolHandler ["http-nio-8080"]
2025-12-29 09:48:22.599 INFO  [tomcat-shutdown] o.s.boot.tomcat.GracefulShutdown - Graceful shutdown complete
2025-12-29 09:48:22.599 INFO  [Thread-25] o.a.coyote.http11.Http11NioProtocol - Stopping ProtocolHandler ["http-nio-8080"]
2025-12-29 09:48:22.694 INFO  [restartedMain] com.backend.BackendApplication - Starting BackendApplication using Java 21.0.8 with PID 35644 (/mnt/NewVolume/code/sudoku/backend/target/classes started by pranjal in /mnt/NewVolume/code/sudoku/backend)
2025-12-29 09:48:22.694 INFO  [restartedMain] com.backend.BackendApplication - No active profile set, falling back to 1 default profile: "default"
2025-12-29 09:48:22.964 INFO  [restartedMain] o.s.boot.tomcat.TomcatWebServer - Tomcat initialized with port 8080 (http)
2025-12-29 09:48:22.965 INFO  [restartedMain] o.a.coyote.http11.Http11NioProtocol - Initializing ProtocolHandler ["http-nio-8080"]
2025-12-29 09:48:22.965 INFO  [restartedMain] o.a.catalina.core.StandardService - Starting service [Tomcat]
2025-12-29 09:48:22.965 INFO  [restartedMain] o.a.catalina.core.StandardEngine - Starting Servlet engine: [Apache Tomcat/11.0.15]
2025-12-29 09:48:22.972 INFO  [restartedMain] o.s.b.w.c.s.WebApplicationContextInitializer - Root WebApplicationContext: initialization completed in 276 ms
2025-12-29 09:48:23.005 INFO  [restartedMain] o.s.v.b.OptionalValidatorFactoryBean - Failed to set up a Bean Validation provider: jakarta.validation.NoProviderFoundException: Unable to create a Configuration, because no Jakarta Validation provider could be found. Add a provider like Hibernate Validator (RI) to your classpath.
2025-12-29 09:48:23.068 INFO  [restartedMain] o.s.b.a.e.web.EndpointLinksResolver - Exposing 1 endpoint beneath base path '/actuator'
2025-12-29 09:48:23.075 INFO  [restartedMain] o.a.coyote.http11.Http11NioProtocol - Starting ProtocolHandler ["http-nio-8080"]
2025-12-29 09:48:23.076 INFO  [restartedMain] o.s.boot.tomcat.TomcatWebServer - Tomcat started on port 8080 (http) with context path '/'
2025-12-29 09:48:23.078 INFO  [restartedMain] com.backend.BackendApplication - Started BackendApplication in 0.437 seconds (process running for 6830.469)
2025-12-29 09:48:23.079 INFO  [restartedMain] o.s.b.d.a.ConditionEvaluationDeltaLoggingListener - Condition evaluation unchanged
2025-12-29 09:48:49.993 INFO  [File Watcher] o.s.b.d.a.LocalDevToolsAutoConfiguration$RestartingClassPathChangeChangedEventListener - Restarting due to 1 class path change (0 additions, 0 deletions, 1 modification)
2025-12-29 09:48:49.995 INFO  [Thread-29] o.s.boot.tomcat.GracefulShutdown - Commencing graceful shutdown. Waiting for active requests to complete
2025-12-29 09:48:49.995 INFO  [tomcat-shutdown] o.a.coyote.http11.Http11NioProtocol - Pausing ProtocolHandler ["http-nio-8080"]
2025-12-29 09:48:49.996 INFO  [tomcat-shutdown] o.s.boot.tomcat.GracefulShutdown - Graceful shutdown complete
2025-12-29 09:48:49.996 INFO  [Thread-29] o.a.coyote.http11.Http11NioProtocol - Stopping ProtocolHandler ["http-nio-8080"]
2025-12-29 09:48:50.072 INFO  [restartedMain] com.backend.BackendApplication - Starting BackendApplication using Java 21.0.8 with PID 35644 (/mnt/NewVolume/code/sudoku/backend/target/classes started by pranjal in /mnt/NewVolume/code/sudoku/backend)
2025-12-29 09:48:50.073 INFO  [restartedMain] com.backend.BackendApplication - No active profile set, falling back to 1 default profile: "default"
2025-12-29 09:48:50.297 INFO  [restartedMain] o.s.boot.tomcat.TomcatWebServer - Tomcat initialized with port 8080 (http)
2025-12-29 09:48:50.297 INFO  [restartedMain] o.a.coyote.http11.Http11NioProtocol - Initializing ProtocolHandler ["http-nio-8080"]
2025-12-29 09:48:50.298 INFO  [restartedMain] o.a.catalina.core.StandardService - Starting service [Tomcat]
2025-12-29 09:48:50.298 INFO  [restartedMain] o.a.catalina.core.StandardEngine - Starting Servlet engine: [Apache Tomcat/11.0.15]
2025-12-29 09:48:50.302 INFO  [restartedMain] o.s.b.w.c.s.WebApplicationContextInitializer - Root WebApplicationContext: initialization completed in 227 ms
2025-12-29 09:48:50.334 INFO  [restartedMain] o.s.v.b.OptionalValidatorFactoryBean - Failed to set up a Bean Validation provider: jakarta.validation.NoProviderFoundException: Unable to create a Configuration, because no Jakarta Validation provider could be found. Add a provider like Hibernate Validator (RI) to your classpath.
2025-12-29 09:48:50.405 INFO  [restartedMain] o.s.b.a.e.web.EndpointLinksResolver - Exposing 1 endpoint beneath base path '/actuator'
2025-12-29 09:48:50.412 INFO  [restartedMain] o.a.coyote.http11.Http11NioProtocol - Starting ProtocolHandler ["http-nio-8080"]
2025-12-29 09:48:50.413 INFO  [restartedMain] o.s.boot.tomcat.TomcatWebServer - Tomcat started on port 8080 (http) with context path '/'
2025-12-29 09:48:50.415 INFO  [restartedMain] com.backend.BackendApplication - Started BackendApplication in 0.377 seconds (process running for 6857.806)
2025-12-29 09:48:50.415 INFO  [restartedMain] o.s.b.d.a.ConditionEvaluationDeltaLoggingListener - Condition evaluation unchanged
