2025-12-29 09:46:19.678 INFO  [File Watcher] o.s.b.d.a.LocalDevToolsAutoConfiguration$RestartingClassPathChangeChangedEventListener - Restarting due to 1 class path change (0 additions, 0 deletions, 1 modification)
2025-12-29 09:46:19.689 INFO  [Thread-9] o.s.boot.tomcat.GracefulShutdown - Commencing graceful shutdown. Waiting for active requests to complete
2025-12-29 09:46:19.690 INFO  [tomcat-shutdown] o.a.coyote.http11.Http11NioProtocol - Pausing ProtocolHandler ["http-nio-8080"]
2025-12-29 09:46:19.697 INFO  [tomcat-shutdown] o.s.boot.tomcat.GracefulShutdown - Graceful shutdown complete
2025-12-29 09:46:19.697 INFO  [Thread-9] o.a.coyote.http11.Http11NioProtocol - Stopping ProtocolHandler ["http-nio-8080"]
2025-12-29 09:46:20.079 INFO  [restartedMain] com.backend.BackendApplication - Starting BackendApplication using Java 21.0.8 with PID 35644 (/mnt/NewVolume/code/sudoku/backend/target/classes started by pranjal in /mnt/NewVolume/code/sudoku/backend)
2025-12-29 09:46:20.079 INFO  [restartedMain] com.backend.BackendApplication - No active profile set, falling back to 1 default profile: "default"
2025-12-29 09:46:21.022 INFO  [restartedMain] o.s.boot.tomcat.TomcatWebServer - Tomcat initialized with port 8080 (http)
2025-12-29 09:46:21.024 INFO  [restartedMain] o.a.coyote.http11.Http11NioProtocol - Initializing ProtocolHandler ["http-nio-8080"]
2025-12-29 09:46:21.024 INFO  [restartedMain] o.a.catalina.core.StandardService - Starting service [Tomcat]
2025-12-29 09:46:21.024 INFO  [restartedMain] o.a.catalina.core.StandardEngine - Starting Servlet engine: [Apache Tomcat/11.0.15]
2025-12-29 09:46:21.062 INFO  [restartedMain] o.s.b.w.c.s.WebApplicationContextInitializer - Root WebApplicationContext: initialization completed in 967 ms
2025-12-29 09:46:21.168 INFO  [restartedMain] o.s.v.b.OptionalValidatorFactoryBean - Failed to set up a Bean Validation provider: jakarta.validation.NoProviderFoundException: Unable to create a Configuration, because no Jakarta Validation provider could be found. Add a provider like Hibernate Validator (RI) to your classpath.
2025-12-29 09:46:21.320 INFO  [restartedMain] o.s.b.a.e.web.EndpointLinksResolver - Exposing 1 endpoint beneath base path '/actuator'
2025-12-29 09:46:21.341 INFO  [restartedMain] o.a.coyote.http11.Http11NioProtocol - Starting ProtocolHandler ["http-nio-8080"]
2025-12-29 09:46:21.342 INFO  [restartedMain] o.s.boot.tomcat.TomcatWebServer - Tomcat started on port 8080 (http) with context path '/'
2025-12-29 09:46:21.346 INFO  [restartedMain] com.backend.BackendApplication - Started BackendApplication in 1.499 seconds (process running for 6708.737)
2025-12-29 09:46:21.347 INFO  [restartedMain] o.s.b.d.a.ConditionEvaluationDeltaLoggingListener - Condition evaluation unchanged
2025-12-29 09:46:48.151 INFO  [File Watcher] o.s.b.d.a.LocalDevToolsAutoConfiguration$RestartingClassPathChangeChangedEventListener - Restarting due to 1 class path change (0 additions, 0 deletions, 1 modification)
2025-12-29 09:46:48.153 INFO  [Thread-13] o.s.boot.tomcat.GracefulShutdown - Commencing graceful shutdown. Waiting for active requests to complete
2025-12-29 09:46:48.154 INFO  [tomcat-shutdown] o.a.coyote.http11.Http11NioProtocol - Pausing ProtocolHandler ["http-nio-8080"]
2025-12-29 09:46:48.155 INFO  [tomcat-shutdown] o.s.boot.tomcat.GracefulShutdown - Graceful shutdown complete
2025-12-29 09:46:48.156 INFO  [Thread-13] o.a.coyote.http11.Http11NioProtocol - Stopping ProtocolHandler ["http-nio-8080"]
2025-12-29 09:46:48.236 INFO  [restartedMain] com.backend.BackendApplication - Starting BackendApplication using Java 21.0.8 with PID 35644 (/mnt/NewVolume/code/sudoku/backend/target/classes started by pranjal in /mnt/NewVolume/code/sudoku/backend)
2025-12-29 09:46:48.237 INFO  [restartedMain] com.backend.BackendApplication - No active profile set, falling back to 1 default profile: "default"
2025-12-29 09:46:48.485 INFO  [restartedMain] o.s.boot.tomcat.TomcatWebServer - Tomcat initialized with port 8080 (http)
2025-12-29 09:46:48.485 INFO  [restartedMain] o.a.coyote.http11.Http11NioProtocol - Initializing ProtocolHandler ["http-nio-8080"]
2025-12-29 09:46:48.485 INFO  [restartedMain] o.a.catalina.core.StandardService - Starting service [Tomcat]
2025-12-29 09:46:48.486 INFO  [restartedMain] o.a.catalina.core.StandardEngine - Starting Servlet engine: [Apache Tomcat/11.0.15]
2025-12-29 09:46:48.490 INFO  [restartedMain] o.s.b.w.c.s.WebApplicationContextInitializer - Root WebApplicationContext: initialization completed in 252 ms
2025-12-29 09:46:48.518 INFO  [restartedMain] o.s.v.b.OptionalValidatorFactoryBean - Failed to set up a Bean Validation provider: jakarta.validation.NoProviderFoundException: Unable to create a Configuration, because no Jakarta Validation provider could be found. Add a provider like Hibernate Validator (RI) to your classpath.
2025-12-29 09:46:48.575 INFO  [restartedMain] o.s.b.a.e.web.EndpointLinksResolver - Exposing 1 endpoint beneath base path '/actuator'
2025-12-29 09:46:48.581 INFO  [restartedMain] o.a.coyote.http11.Http11NioProtocol - Starting ProtocolHandler ["http-nio-8080"]
2025-12-29 09:46:48.583 INFO  [restartedMain] o.s.boot.tomcat.TomcatWebServer - Tomcat started on port 8080 (http) with context path '/'
2025-12-29 09:46:48.584 INFO  [restartedMain] com.backend.BackendApplication - Started BackendApplication in 0.371 seconds (process running for 6735.976)
2025-12-29 09:46:48.585 INFO  [restartedMain] o.s.b.d.a.ConditionEvaluationDeltaLoggingListener - Condition evaluation unchanged
