2025-12-28 15:29:05.796 INFO  [File Watcher] o.s.b.d.a.LocalDevToolsAutoConfiguration$RestartingClassPathChangeChangedEventListener - Restarting due to 2 class path changes (1 addition, 1 deletion, 0 modifications)
2025-12-28 15:29:05.801 INFO  [Thread-57] o.s.boot.tomcat.GracefulShutdown - Commencing graceful shutdown. Waiting for active requests to complete
2025-12-28 15:29:05.801 INFO  [tomcat-shutdown] o.a.coyote.http11.Http11NioProtocol - Pausing ProtocolHandler ["http-nio-8080"]
2025-12-28 15:29:05.803 INFO  [tomcat-shutdown] o.s.boot.tomcat.GracefulShutdown - Graceful shutdown complete
2025-12-28 15:29:05.804 INFO  [Thread-57] o.a.coyote.http11.Http11NioProtocol - Stopping ProtocolHandler ["http-nio-8080"]
2025-12-28 15:29:06.087 INFO  [restartedMain] com.backend.BackendApplication - Starting BackendApplication using Java 21.0.8 with PID 175326 (/mnt/NewVolume/code/sudoku/backend/target/classes started by pranjal in /mnt/NewVolume/code/sudoku/backend)
2025-12-28 15:29:06.088 INFO  [restartedMain] com.backend.BackendApplication - No active profile set, falling back to 1 default profile: "default"
2025-12-28 15:29:06.786 INFO  [restartedMain] o.s.boot.tomcat.TomcatWebServer - Tomcat initialized with port 8080 (http)
2025-12-28 15:29:06.788 INFO  [restartedMain] o.a.coyote.http11.Http11NioProtocol - Initializing ProtocolHandler ["http-nio-8080"]
2025-12-28 15:29:06.788 INFO  [restartedMain] o.a.catalina.core.StandardService - Starting service [Tomcat]
2025-12-28 15:29:06.788 INFO  [restartedMain] o.a.catalina.core.StandardEngine - Starting Servlet engine: [Apache Tomcat/11.0.15]
2025-12-28 15:29:06.803 INFO  [restartedMain] o.s.b.w.c.s.WebApplicationContextInitializer - Root WebApplicationContext: initialization completed in 712 ms
2025-12-28 15:29:06.861 WARN  [restartedMain] o.s.b.w.s.s.c.AnnotationConfigServletWebServerApplicationContext - Exception encountered during context initialization - cancelling refresh attempt: org.springframework.beans.factory.UnsatisfiedDependencyException: Error creating bean with name 'sudokuController' defined in file [/mnt/NewVolume/code/sudoku/backend/target/classes/com/backend/controller/SudokuController.class]: Unsatisfied dependency expressed through constructor parameter 0: Error creating bean with name 'sudokuGeneratorService' defined in file [/mnt/NewVolume/code/sudoku/backend/target/classes/com/backend/service/SudokuGeneratorService.class]: Unsatisfied dependency expressed through constructor parameter 0: No qualifying bean of type 'com.backend.service.SudokuSolverService' available: expected at least 1 bean which qualifies as autowire candidate. Dependency annotations: {}
2025-12-28 15:29:06.862 INFO  [restartedMain] o.a.catalina.core.StandardService - Stopping service [Tomcat]
2025-12-28 15:29:06.869 INFO  [restartedMain] o.s.b.a.l.ConditionEvaluationReportLogger - 

Error starting ApplicationContext. To display the condition evaluation report re-run your application with 'debug' enabled.
2025-12-28 15:29:06.878 ERROR [restartedMain] o.s.b.d.LoggingFailureAnalysisReporter - 

***************************
APPLICATION FAILED TO START
***************************

Description:

Parameter 0 of constructor in com.backend.service.SudokuGeneratorService required a bean of type 'com.backend.service.SudokuSolverService' that could not be found.


Action:

Consider defining a bean of type 'com.backend.service.SudokuSolverService' in your configuration.

2025-12-28 15:29:08.379 INFO  [restartedMain] com.backend.BackendApplication - Starting BackendApplication using Java 21.0.8 with PID 175326 (/mnt/NewVolume/code/sudoku/backend/target/classes started by pranjal in /mnt/NewVolume/code/sudoku/backend)
2025-12-28 15:29:08.380 INFO  [restartedMain] com.backend.BackendApplication - No active profile set, falling back to 1 default profile: "default"
2025-12-28 15:29:08.950 INFO  [restartedMain] o.s.boot.tomcat.TomcatWebServer - Tomcat initialized with port 8080 (http)
2025-12-28 15:29:08.951 INFO  [restartedMain] o.a.coyote.http11.Http11NioProtocol - Initializing ProtocolHandler ["http-nio-8080"]
2025-12-28 15:29:08.951 INFO  [restartedMain] o.a.catalina.core.StandardService - Starting service [Tomcat]
2025-12-28 15:29:08.952 INFO  [restartedMain] o.a.catalina.core.StandardEngine - Starting Servlet engine: [Apache Tomcat/11.0.15]
2025-12-28 15:29:08.966 INFO  [restartedMain] o.s.b.w.c.s.WebApplicationContextInitializer - Root WebApplicationContext: initialization completed in 582 ms
2025-12-28 15:29:09.032 INFO  [restartedMain] o.s.v.b.OptionalValidatorFactoryBean - Failed to set up a Bean Validation provider: jakarta.validation.NoProviderFoundException: Unable to create a Configuration, because no Jakarta Validation provider could be found. Add a provider like Hibernate Validator (RI) to your classpath.
2025-12-28 15:29:09.241 INFO  [restartedMain] o.s.b.a.e.web.EndpointLinksResolver - Exposing 1 endpoint beneath base path '/actuator'
2025-12-28 15:29:09.263 INFO  [restartedMain] o.a.coyote.http11.Http11NioProtocol - Starting ProtocolHandler ["http-nio-8080"]
2025-12-28 15:29:09.267 INFO  [restartedMain] o.s.boot.tomcat.TomcatWebServer - Tomcat started on port 8080 (http) with context path '/'
2025-12-28 15:29:09.270 INFO  [restartedMain] com.backend.BackendApplication - Started BackendApplication in 0.939 seconds (process running for 9049.31)
2025-12-28 15:29:09.273 INFO  [restartedMain] o.s.b.d.a.ConditionEvaluationDeltaLoggingListener - Condition evaluation unchanged
