2025-12-28 15:32:31.175 INFO  [File Watcher] o.s.b.d.a.LocalDevToolsAutoConfiguration$RestartingClassPathChangeChangedEventListener - Restarting due to 1 class path change (0 additions, 1 deletion, 0 modifications)
2025-12-28 15:32:31.206 INFO  [Thread-64] o.s.boot.tomcat.GracefulShutdown - Commencing graceful shutdown. Waiting for active requests to complete
2025-12-28 15:32:31.210 INFO  [tomcat-shutdown] o.a.coyote.http11.Http11NioProtocol - Pausing ProtocolHandler ["http-nio-8080"]
2025-12-28 15:32:31.222 INFO  [tomcat-shutdown] o.s.boot.tomcat.GracefulShutdown - Graceful shutdown complete
2025-12-28 15:32:31.230 INFO  [Thread-64] o.a.coyote.http11.Http11NioProtocol - Stopping ProtocolHandler ["http-nio-8080"]
2025-12-28 15:32:31.788 INFO  [restartedMain] com.backend.BackendApplication - Starting BackendApplication using Java 21.0.8 with PID 175326 (/mnt/NewVolume/code/sudoku/backend/target/classes started by pranjal in /mnt/NewVolume/code/sudoku/backend)
2025-12-28 15:32:31.789 INFO  [restartedMain] com.backend.BackendApplication - No active profile set, falling back to 1 default profile: "default"
2025-12-28 15:32:33.184 INFO  [restartedMain] o.s.boot.tomcat.TomcatWebServer - Tomcat initialized with port 8080 (http)
2025-12-28 15:32:33.190 INFO  [restartedMain] o.a.coyote.http11.Http11NioProtocol - Initializing ProtocolHandler ["http-nio-8080"]
2025-12-28 15:32:33.192 INFO  [restartedMain] o.a.catalina.core.StandardService - Starting service [Tomcat]
2025-12-28 15:32:33.192 INFO  [restartedMain] o.a.catalina.core.StandardEngine - Starting Servlet engine: [Apache Tomcat/11.0.15]
2025-12-28 15:32:33.226 INFO  [restartedMain] o.s.b.w.c.s.WebApplicationContextInitializer - Root WebApplicationContext: initialization completed in 1423 ms
2025-12-28 15:32:33.675 INFO  [restartedMain] o.s.v.b.OptionalValidatorFactoryBean - Failed to set up a Bean Validation provider: jakarta.validation.NoProviderFoundException: Unable to create a Configuration, because no Jakarta Validation provider could be found. Add a provider like Hibernate Validator (RI) to your classpath.
2025-12-28 15:32:34.119 INFO  [restartedMain] o.s.b.a.e.web.EndpointLinksResolver - Exposing 1 endpoint beneath base path '/actuator'
2025-12-28 15:32:34.168 INFO  [restartedMain] o.a.coyote.http11.Http11NioProtocol - Starting ProtocolHandler ["http-nio-8080"]
2025-12-28 15:32:34.172 INFO  [restartedMain] o.s.boot.tomcat.TomcatWebServer - Tomcat started on port 8080 (http) with context path '/'
2025-12-28 15:32:34.177 INFO  [restartedMain] com.backend.BackendApplication - Started BackendApplication in 2.547 seconds (process running for 9254.217)
2025-12-28 15:32:34.179 INFO  [restartedMain] o.s.b.d.a.ConditionEvaluationDeltaLoggingListener - Condition evaluation unchanged
2025-12-28 15:32:36.467 INFO  [http-nio-8080-exec-1] o.a.c.c.C.[Tomcat-2].[localhost].[/] - Initializing Spring DispatcherServlet 'dispatcherServlet'
2025-12-28 15:32:36.467 INFO  [http-nio-8080-exec-1] o.s.web.servlet.DispatcherServlet - Initializing Servlet 'dispatcherServlet'
2025-12-28 15:32:36.469 INFO  [http-nio-8080-exec-1] o.s.web.servlet.DispatcherServlet - Completed initialization in 1 ms
